<?xml version="1.0" encoding="UTF-8"?>
<!-- Generated by org.testng.reporters.JUnitReportReporter -->
<testsuite hostname="HiteshJHPJLenovoPP" failures="0" tests="2" name="com.facebook.verifyHome" time="23.446" errors="0" timestamp="12 Apr 2019 11:26:05 GMT" skipped="0">
  <testcase classname="com.facebook.verifyHome" name="Login" time="10.091"/>
  <testcase classname="com.facebook.verifyHome" name="Forgot" time="13.355"/>
</testsuite> <!-- com.facebook.verifyHome -->
