<?xml version="1.0" encoding="UTF-8"?>
<!-- Generated by org.testng.reporters.JUnitReportReporter -->
<testsuite hostname="HiteshJHPJLenovoPP" failures="0" tests="1" name="com.facebook.verifyHomepageFactory" time="34.755" errors="0" timestamp="12 Apr 2019 12:07:09 GMT" skipped="0">
  <testcase classname="com.facebook.verifyHomepageFactory" name="Login" time="34.755"/>
</testsuite> <!-- com.facebook.verifyHomepageFactory -->
